<?xml version="1.0" encoding="UTF-8"?>
<testsuites name="TS_Product_Cats" time="14.102" tests="1" failures="0" errors="0">
   <testsuite name="TS_Product_Cats" tests="1" failures="0" errors="0" time="14.102" skipped="0" timestamp="29-09-2024T10:44:04" hostname="vikas - Radhe" id="Test Suites/TS_Product_Cats">
      <properties>
         <property name="deviceName" value=""/>
         <property name="devicePlatform"/>
         <property name="logFolder" value="C:\\Users\\vikas\\git\\katlon_repository\\Reports\\20240929_104351\\TS_Product_Cats\\20240929_104351"/>
         <property name="logFiles" value="C:\\Users\\vikas\\git\\katlon_repository\\Reports\\20240929_104351\\TS_Product_Cats\\20240929_104351\\execution0.log"/>
         <property name="attachments" value=""/>
         <property name="hostName" value="vikas - Radhe"/>
         <property name="os" value="Windows 11 64bit"/>
         <property name="katalonVersion" value="9.7.2.223"/>
         <property name="browser" value="Chrome 129.0.0.0"/>
         <property name="hostAddress" value="192.168.88.202"/>
         <property name="sessionId" value="6be0aeb195663d29b85e18fff323e351"/>
         <property name="seleniumVersion" value="3.141.59"/>
         <property name="proxyInformation" value="ProxyInformation { proxyOption=NO_PROXY, proxyServerType=HTTP, username=, password=********, proxyServerAddress=, proxyServerPort=0, executionList=&quot;&quot;, isApplyToDesiredCapabilities=true }"/>
         <property name="platform" value="Windows 11"/>
      </properties>
      <testcase name="Test Cases/TC_Product_cats" time="13.489" classname="Test Cases/TC_Product_cats" status="PASSED">
         <system-out><![CDATA[29-09-2024T10:44:04 - [TEST_CASE][PASSED] - Test Cases/TC_Product_cats: Test Cases/TC_Product_cats

29-09-2024T10:44:05 - [TEST_STEP][PASSED] - openBrowser(""): Browser is opened with url: ''

29-09-2024T10:44:06 - [MESSAGE][INFO] - Starting 'Chrome' driver

29-09-2024T10:44:06 - [MESSAGE][INFO] - Action delay is set to 0 milliseconds

29-09-2024T10:44:10 - [MESSAGE][PASSED] - Browser is opened with url: ''

29-09-2024T10:44:10 - [TEST_STEP][PASSED] - navigateToUrl("https://petstore.octoperf.com/"): Navigate to 'https://petstore.octoperf.com/' successfully

29-09-2024T10:44:11 - [MESSAGE][PASSED] - Navigate to 'https://petstore.octoperf.com/' successfully

29-09-2024T10:44:11 - [TEST_STEP][PASSED] - click(findTestObject("Object Repository/TC_Product_Cats/Page_JPetStore Demo/a_Enter the Store")): Object: 'Object Repository/TC_Product_Cats/Page_JPetStore Demo/a_Enter the Store' is clicked on

29-09-2024T10:44:14 - [MESSAGE][PASSED] - Object: 'Object Repository/TC_Product_Cats/Page_JPetStore Demo/a_Enter the Store' is clicked on

29-09-2024T10:44:14 - [TEST_STEP][PASSED] - click(findTestObject("Object Repository/TC_Product_Cats/Page_JPetStore Demo/img")): Object: 'Object Repository/TC_Product_Cats/Page_JPetStore Demo/img' is clicked on

29-09-2024T10:44:15 - [MESSAGE][PASSED] - Object: 'Object Repository/TC_Product_Cats/Page_JPetStore Demo/img' is clicked on

29-09-2024T10:44:15 - [TEST_STEP][PASSED] - click(findTestObject("Object Repository/TC_Product_Cats/Page_JPetStore Demo/a_FL-DLH-02")): Object: 'Object Repository/TC_Product_Cats/Page_JPetStore Demo/a_FL-DLH-02' is clicked on

29-09-2024T10:44:16 - [MESSAGE][PASSED] - Object: 'Object Repository/TC_Product_Cats/Page_JPetStore Demo/a_FL-DLH-02' is clicked on

29-09-2024T10:44:16 - [TEST_STEP][PASSED] - click(findTestObject("Object Repository/TC_Product_Cats/Page_JPetStore Demo/a_Return to CATS")): Object: 'Object Repository/TC_Product_Cats/Page_JPetStore Demo/a_Return to CATS' is clicked on

29-09-2024T10:44:17 - [MESSAGE][PASSED] - Object: 'Object Repository/TC_Product_Cats/Page_JPetStore Demo/a_Return to CATS' is clicked on

29-09-2024T10:44:17 - [TEST_STEP][PASSED] - closeBrowser(): Browser is closed

29-09-2024T10:44:18 - [MESSAGE][PASSED] - Browser is closed]]></system-out>
         <system-err><![CDATA[]]></system-err>
      </testcase>
      <system-out><![CDATA[29-09-2024T10:44:04 - [TEST_SUITE][PASSED] - TS_Product_Cats: Test Cases/TC_Product_cats]]></system-out>
      <system-err><![CDATA[]]></system-err>
   </testsuite>
</testsuites>
